<?xml version="1.0" encoding="UTF-8"?>
<!-- Generated by org.testng.reporters.JUnitReportReporter -->
<testsuite hostname="DESKTOP-GB1OR7N" failures="0" tests="1" name="wqwqw.WQQ" time="0.019" errors="0" timestamp="2024-02-27T11:03:23 IST" skipped="0">
  <testcase classname="wqwqw.WQQ" name="wqqwq" time="0.019"/>
</testsuite> <!-- wqwqw.WQQ -->
